<?xml version="1.0" encoding="UTF-8"?>
<!-- Generated by org.testng.reporters.JUnitReportReporter -->
<testsuite hostname="Ram" failures="0" tests="6" name="api.test.DDTests" time="7.818" errors="0" timestamp="2024-05-28T18:37:15 IST" skipped="0">
  <testcase classname="api.test.DDTests" name="testPostUser" time="1.177"/>
  <system-out/>
  <testcase classname="api.test.DDTests" name="testPostUser" time="2.076"/>
  <system-out/>
  <testcase classname="api.test.DDTests" name="testPostUser" time="1.105"/>
  <system-out/>
  <testcase classname="api.test.DDTests" name="testDeleteUser" time="1.140"/>
  <system-out/>
  <testcase classname="api.test.DDTests" name="testDeleteUser" time="1.207"/>
  <system-out/>
  <testcase classname="api.test.DDTests" name="testDeleteUser" time="1.113"/>
  <system-out/>
</testsuite> <!-- api.test.DDTests -->
