<?xml version="1.0" encoding="UTF-8"?>
<!-- Generated by org.testng.reporters.JUnitReportReporter -->
<testsuite hostname="Ram" failures="0" tests="4" name="api.test.UserTests" time="6.649" errors="0" timestamp="2024-05-28T20:45:55 IST" skipped="0">
  <testcase classname="api.test.UserTests" name="testPostUser" time="2.054"/>
  <system-out/>
  <testcase classname="api.test.UserTests" name="testGetUserByName" time="1.146"/>
  <system-out/>
  <testcase classname="api.test.UserTests" name="testUpdateUserByName" time="2.301"/>
  <system-out/>
  <testcase classname="api.test.UserTests" name="testDeleteUserByName" time="1.148"/>
  <system-out/>
</testsuite> <!-- api.test.UserTests -->
