<?xml version="1.0" encoding="UTF-8"?>
<!-- Generated by org.testng.reporters.JUnitReportReporter -->
<testsuite hostname="Ram" failures="0" tests="4" name="api.test.UserTests2" time="6.734" errors="0" timestamp="2024-05-28T21:33:47 IST" skipped="0">
  <testcase classname="api.test.UserTests2" name="testPostUser" time="2.137"/>
  <system-out/>
  <testcase classname="api.test.UserTests2" name="testGetUserByName" time="1.148"/>
  <system-out/>
  <testcase classname="api.test.UserTests2" name="testUpdateUserByName" time="2.278"/>
  <system-out/>
  <testcase classname="api.test.UserTests2" name="testDeleteUserByName" time="1.171"/>
  <system-out/>
</testsuite> <!-- api.test.UserTests2 -->
