<?xml version="1.0" encoding="UTF-8"?>
<!-- Generated by org.testng.reporters.JUnitReportReporter -->
<testsuite hostname="Ram" failures="0" tests="4" name="api.test.UserTests2" time="6.656" errors="0" timestamp="2024-05-30T18:35:14 IST" skipped="0">
  <testcase classname="api.test.UserTests2" name="testPostUser" time="2.129"/>
  <system-out/>
  <testcase classname="api.test.UserTests2" name="testGetUserByName" time="1.167"/>
  <system-out/>
  <testcase classname="api.test.UserTests2" name="testUpdateUserByName" time="2.268"/>
  <system-out/>
  <testcase classname="api.test.UserTests2" name="testDeleteUserByName" time="1.092"/>
  <system-out/>
</testsuite> <!-- api.test.UserTests2 -->
